[2020-10-04 12:01:58,935] INFO [GroupCoordinator 0]: Preparing to rebalance group foo in state PreparingRebalance with old generation 2 (__consumer_offsets-24) (reason: Adding new member consumer-1-cbf41f8a-1790-4693-8206-b399cee3aa06 with group instance id None) (kafka.coordinator.group.GroupCoordinator)
[2020-10-04 12:01:59,369] INFO [GroupCoordinator 0]: Stabilized group foo generation 3 (__consumer_offsets-24) (kafka.coordinator.group.GroupCoordinator)
[2020-10-04 12:01:59,721] INFO [GroupCoordinator 0]: Assignment received from leader for group foo for generation 3 (kafka.coordinator.group.GroupCoordinator)
[2020-10-04 12:04:56,121] INFO [GroupMetadataManager brokerId=0] Removed 0 expired offsets in 0 milliseconds. (kafka.coordinator.group.GroupMetadataManager)
[2020-10-04 12:06:37,642] INFO [GroupCoordinator 0]: Member[group.instance.id None, member.id consumer-1-cbf41f8a-1790-4693-8206-b399cee3aa06] in group foo has left, removing it from the group (kafka.coordinator.group.GroupCoordinator)
[2020-10-04 12:06:37,789] INFO [GroupCoordinator 0]: Preparing to rebalance group foo in state PreparingRebalance with old generation 3 (__consumer_offsets-24) (reason: removing member consumer-1-cbf41f8a-1790-4693-8206-b399cee3aa06 on LeaveGroup) (kafka.coordinator.group.GroupCoordinator)
[2020-10-04 12:06:37,791] INFO [GroupCoordinator 0]: Group foo with generation 4 is now empty (__consumer_offsets-24) (kafka.coordinator.group.GroupCoordinator)
[2020-10-04 12:14:56,181] INFO [GroupMetadataManager brokerId=0] Removed 0 expired offsets in 0 milliseconds. (kafka.coordinator.group.GroupMetadataManager)
[2020-10-04 12:15:17,014] INFO [GroupCoordinator 0]: Preparing to rebalance group foo in state PreparingRebalance with old generation 4 (__consumer_offsets-24) (reason: Adding new member consumer-1-d90d96f4-be5d-48b6-8b15-a50a239095bd with group instance id None) (kafka.coordinator.group.GroupCoordinator)
[2020-10-04 12:15:17,037] INFO [GroupCoordinator 0]: Stabilized group foo generation 5 (__consumer_offsets-24) (kafka.coordinator.group.GroupCoordinator)
[2020-10-04 12:15:17,046] INFO [GroupCoordinator 0]: Assignment received from leader for group foo for generation 5 (kafka.coordinator.group.GroupCoordinator)
[2020-10-04 12:15:51,294] INFO [GroupCoordinator 0]: Member[group.instance.id None, member.id consumer-1-d90d96f4-be5d-48b6-8b15-a50a239095bd] in group foo has left, removing it from the group (kafka.coordinator.group.GroupCoordinator)
[2020-10-04 12:15:51,298] INFO [GroupCoordinator 0]: Preparing to rebalance group foo in state PreparingRebalance with old generation 5 (__consumer_offsets-24) (reason: removing member consumer-1-d90d96f4-be5d-48b6-8b15-a50a239095bd on LeaveGroup) (kafka.coordinator.group.GroupCoordinator)
[2020-10-04 12:15:51,301] INFO [GroupCoordinator 0]: Group foo with generation 6 is now empty (__consumer_offsets-24) (kafka.coordinator.group.GroupCoordinator)
[2020-10-04 12:16:53,100] INFO [KafkaServer id=0] shutting down (kafka.server.KafkaServer)
[2020-10-04 12:16:53,119] INFO [KafkaServer id=0] Starting controlled shutdown (kafka.server.KafkaServer)
[2020-10-04 12:16:55,202] INFO [KafkaServer id=0] Controlled shutdown succeeded (kafka.server.KafkaServer)
[2020-10-04 12:16:55,347] INFO [/config/changes-event-process-thread]: Shutting down (kafka.common.ZkNodeChangeNotificationListener$ChangeEventProcessThread)
[2020-10-04 12:16:55,367] INFO [/config/changes-event-process-thread]: Shutdown completed (kafka.common.ZkNodeChangeNotificationListener$ChangeEventProcessThread)
[2020-10-04 12:16:55,367] INFO [/config/changes-event-process-thread]: Stopped (kafka.common.ZkNodeChangeNotificationListener$ChangeEventProcessThread)
[2020-10-04 12:16:55,399] INFO [SocketServer brokerId=0] Stopping socket server request processors (kafka.network.SocketServer)
[2020-10-04 12:16:55,550] INFO [SocketServer brokerId=0] Stopped socket server request processors (kafka.network.SocketServer)
[2020-10-04 12:16:55,602] INFO [data-plane Kafka Request Handler on Broker 0], shutting down (kafka.server.KafkaRequestHandlerPool)
[2020-10-04 12:16:55,616] INFO [data-plane Kafka Request Handler on Broker 0], shut down completely (kafka.server.KafkaRequestHandlerPool)
[2020-10-04 12:16:55,674] INFO [ExpirationReaper-0-AlterAcls]: Shutting down (kafka.server.DelayedOperationPurgatory$ExpiredOperationReaper)
[2020-10-04 12:16:55,751] INFO [ExpirationReaper-0-AlterAcls]: Shutdown completed (kafka.server.DelayedOperationPurgatory$ExpiredOperationReaper)
[2020-10-04 12:16:55,751] INFO [ExpirationReaper-0-AlterAcls]: Stopped (kafka.server.DelayedOperationPurgatory$ExpiredOperationReaper)
[2020-10-04 12:16:55,752] INFO [KafkaApi-0] Shutdown complete. (kafka.server.KafkaApis)
[2020-10-04 12:16:55,783] INFO [ExpirationReaper-0-topic]: Shutting down (kafka.server.DelayedOperationPurgatory$ExpiredOperationReaper)
[2020-10-04 12:16:55,952] INFO [ExpirationReaper-0-topic]: Stopped (kafka.server.DelayedOperationPurgatory$ExpiredOperationReaper)
[2020-10-04 12:16:55,952] INFO [ExpirationReaper-0-topic]: Shutdown completed (kafka.server.DelayedOperationPurgatory$ExpiredOperationReaper)
[2020-10-04 12:16:55,969] INFO [TransactionCoordinator id=0] Shutting down. (kafka.coordinator.transaction.TransactionCoordinator)
[2020-10-04 12:16:56,003] INFO [ProducerId Manager 0]: Shutdown complete: last producerId assigned 0 (kafka.coordinator.transaction.ProducerIdManager)
[2020-10-04 12:16:56,004] INFO [Transaction State Manager 0]: Shutdown complete (kafka.coordinator.transaction.TransactionStateManager)
[2020-10-04 12:16:56,005] INFO [Transaction Marker Channel Manager 0]: Shutting down (kafka.coordinator.transaction.TransactionMarkerChannelManager)
[2020-10-04 12:16:56,008] INFO [Transaction Marker Channel Manager 0]: Stopped (kafka.coordinator.transaction.TransactionMarkerChannelManager)
[2020-10-04 12:16:56,008] INFO [Transaction Marker Channel Manager 0]: Shutdown completed (kafka.coordinator.transaction.TransactionMarkerChannelManager)
[2020-10-04 12:16:56,010] INFO [TransactionCoordinator id=0] Shutdown complete. (kafka.coordinator.transaction.TransactionCoordinator)
[2020-10-04 12:16:56,011] INFO [GroupCoordinator 0]: Shutting down. (kafka.coordinator.group.GroupCoordinator)
[2020-10-04 12:16:56,012] INFO [ExpirationReaper-0-Heartbeat]: Shutting down (kafka.server.DelayedOperationPurgatory$ExpiredOperationReaper)
[2020-10-04 12:16:56,126] INFO [ExpirationReaper-0-Heartbeat]: Shutdown completed (kafka.server.DelayedOperationPurgatory$ExpiredOperationReaper)
[2020-10-04 12:16:56,129] INFO [ExpirationReaper-0-Heartbeat]: Stopped (kafka.server.DelayedOperationPurgatory$ExpiredOperationReaper)
[2020-10-04 12:16:56,131] INFO [ExpirationReaper-0-Rebalance]: Shutting down (kafka.server.DelayedOperationPurgatory$ExpiredOperationReaper)
[2020-10-04 12:16:56,330] INFO [ExpirationReaper-0-Rebalance]: Stopped (kafka.server.DelayedOperationPurgatory$ExpiredOperationReaper)
[2020-10-04 12:16:56,330] INFO [ExpirationReaper-0-Rebalance]: Shutdown completed (kafka.server.DelayedOperationPurgatory$ExpiredOperationReaper)
[2020-10-04 12:16:56,332] INFO [GroupCoordinator 0]: Shutdown complete. (kafka.coordinator.group.GroupCoordinator)
[2020-10-04 12:16:56,334] INFO [ReplicaManager broker=0] Shutting down (kafka.server.ReplicaManager)
[2020-10-04 12:16:56,335] INFO [LogDirFailureHandler]: Shutting down (kafka.server.ReplicaManager$LogDirFailureHandler)
[2020-10-04 12:16:56,354] INFO [LogDirFailureHandler]: Stopped (kafka.server.ReplicaManager$LogDirFailureHandler)
[2020-10-04 12:16:56,354] INFO [LogDirFailureHandler]: Shutdown completed (kafka.server.ReplicaManager$LogDirFailureHandler)
[2020-10-04 12:16:56,359] INFO [ReplicaFetcherManager on broker 0] shutting down (kafka.server.ReplicaFetcherManager)
[2020-10-04 12:16:56,366] INFO [ReplicaFetcherManager on broker 0] shutdown completed (kafka.server.ReplicaFetcherManager)
[2020-10-04 12:16:56,367] INFO [ReplicaAlterLogDirsManager on broker 0] shutting down (kafka.server.ReplicaAlterLogDirsManager)
[2020-10-04 12:16:56,368] INFO [ReplicaAlterLogDirsManager on broker 0] shutdown completed (kafka.server.ReplicaAlterLogDirsManager)
[2020-10-04 12:16:56,370] INFO [ExpirationReaper-0-Fetch]: Shutting down (kafka.server.DelayedOperationPurgatory$ExpiredOperationReaper)
[2020-10-04 12:16:56,449] INFO [ExpirationReaper-0-Fetch]: Stopped (kafka.server.DelayedOperationPurgatory$ExpiredOperationReaper)
[2020-10-04 12:16:56,449] INFO [ExpirationReaper-0-Fetch]: Shutdown completed (kafka.server.DelayedOperationPurgatory$ExpiredOperationReaper)
[2020-10-04 12:16:56,451] INFO [ExpirationReaper-0-Produce]: Shutting down (kafka.server.DelayedOperationPurgatory$ExpiredOperationReaper)
[2020-10-04 12:16:56,554] INFO [ExpirationReaper-0-Produce]: Stopped (kafka.server.DelayedOperationPurgatory$ExpiredOperationReaper)
[2020-10-04 12:16:56,554] INFO [ExpirationReaper-0-Produce]: Shutdown completed (kafka.server.DelayedOperationPurgatory$ExpiredOperationReaper)
[2020-10-04 12:16:56,556] INFO [ExpirationReaper-0-DeleteRecords]: Shutting down (kafka.server.DelayedOperationPurgatory$ExpiredOperationReaper)
[2020-10-04 12:16:56,752] INFO [ExpirationReaper-0-DeleteRecords]: Stopped (kafka.server.DelayedOperationPurgatory$ExpiredOperationReaper)
[2020-10-04 12:16:56,752] INFO [ExpirationReaper-0-DeleteRecords]: Shutdown completed (kafka.server.DelayedOperationPurgatory$ExpiredOperationReaper)
[2020-10-04 12:16:56,754] INFO [ExpirationReaper-0-ElectLeader]: Shutting down (kafka.server.DelayedOperationPurgatory$ExpiredOperationReaper)
[2020-10-04 12:16:56,954] INFO [ExpirationReaper-0-ElectLeader]: Stopped (kafka.server.DelayedOperationPurgatory$ExpiredOperationReaper)
[2020-10-04 12:16:56,954] INFO [ExpirationReaper-0-ElectLeader]: Shutdown completed (kafka.server.DelayedOperationPurgatory$ExpiredOperationReaper)
[2020-10-04 12:16:56,998] INFO [ReplicaManager broker=0] Shut down completely (kafka.server.ReplicaManager)
[2020-10-04 12:16:57,028] INFO Shutting down. (kafka.log.LogManager)
[2020-10-04 12:16:58,132] INFO [ProducerStateManager partition=topic_weather-0] Writing producer snapshot at offset 9 (kafka.log.ProducerStateManager)
[2020-10-04 12:16:58,744] INFO [ProducerStateManager partition=__consumer_offsets-24] Writing producer snapshot at offset 1005 (kafka.log.ProducerStateManager)
[2020-10-04 12:17:02,050] WARN Session 0x1000503b0300000 for server localhost/0:0:0:0:0:0:0:1:2181, unexpected error, closing socket connection and attempting reconnect (org.apache.zookeeper.ClientCnxn)
java.io.IOException: An existing connection was forcibly closed by the remote host
	at sun.nio.ch.SocketDispatcher.read0(Native Method)
	at sun.nio.ch.SocketDispatcher.read(SocketDispatcher.java:43)
	at sun.nio.ch.IOUtil.readIntoNativeBuffer(IOUtil.java:223)
	at sun.nio.ch.IOUtil.read(IOUtil.java:192)
	at sun.nio.ch.SocketChannelImpl.read(SocketChannelImpl.java:380)
	at org.apache.zookeeper.ClientCnxnSocketNIO.doIO(ClientCnxnSocketNIO.java:75)
	at org.apache.zookeeper.ClientCnxnSocketNIO.doTransport(ClientCnxnSocketNIO.java:363)
	at org.apache.zookeeper.ClientCnxn$SendThread.run(ClientCnxn.java:1223)
[2020-10-04 12:17:02,182] INFO Shutdown complete. (kafka.log.LogManager)
[2020-10-04 12:17:02,565] INFO [ZooKeeperClient Kafka server] Closing. (kafka.zookeeper.ZooKeeperClient)
[2020-10-04 12:17:04,465] INFO Opening socket connection to server localhost/127.0.0.1:2181. Will not attempt to authenticate using SASL (unknown error) (org.apache.zookeeper.ClientCnxn)
[2020-10-04 12:17:06,689] INFO EventThread shut down for session: 0x1000503b0300000 (org.apache.zookeeper.ClientCnxn)
[2020-10-04 12:17:06,710] INFO Session: 0x1000503b0300000 closed (org.apache.zookeeper.ZooKeeper)
[2020-10-04 12:17:06,712] INFO [ZooKeeperClient Kafka server] Closed. (kafka.zookeeper.ZooKeeperClient)
[2020-10-04 12:17:06,749] INFO [ThrottledChannelReaper-Fetch]: Shutting down (kafka.server.ClientQuotaManager$ThrottledChannelReaper)
[2020-10-04 12:17:07,372] INFO [ThrottledChannelReaper-Fetch]: Stopped (kafka.server.ClientQuotaManager$ThrottledChannelReaper)
[2020-10-04 12:17:07,372] INFO [ThrottledChannelReaper-Fetch]: Shutdown completed (kafka.server.ClientQuotaManager$ThrottledChannelReaper)
[2020-10-04 12:17:07,391] INFO [ThrottledChannelReaper-Produce]: Shutting down (kafka.server.ClientQuotaManager$ThrottledChannelReaper)
[2020-10-04 12:17:08,348] INFO [ThrottledChannelReaper-Produce]: Stopped (kafka.server.ClientQuotaManager$ThrottledChannelReaper)
[2020-10-04 12:17:08,348] INFO [ThrottledChannelReaper-Produce]: Shutdown completed (kafka.server.ClientQuotaManager$ThrottledChannelReaper)
[2020-10-04 12:17:08,350] INFO [ThrottledChannelReaper-Request]: Shutting down (kafka.server.ClientQuotaManager$ThrottledChannelReaper)
[2020-10-04 12:17:08,374] INFO [ThrottledChannelReaper-Request]: Stopped (kafka.server.ClientQuotaManager$ThrottledChannelReaper)
[2020-10-04 12:17:08,374] INFO [ThrottledChannelReaper-Request]: Shutdown completed (kafka.server.ClientQuotaManager$ThrottledChannelReaper)
[2020-10-04 12:17:08,398] INFO [SocketServer brokerId=0] Shutting down socket server (kafka.network.SocketServer)
[2020-10-04 12:17:08,485] INFO [SocketServer brokerId=0] Shutdown completed (kafka.network.SocketServer)
[2020-10-04 12:17:09,310] INFO [KafkaServer id=0] shut down completed (kafka.server.KafkaServer)
